This is pdfTeX, Version 3.14159265-2.6-1.40.19 (MiKTeX 2.9.6930 64-bit) (preloaded format=pdflatex 2019.1.23)  20 APR 2019 19:42
entering extended mode
**./prac6_AnalisisFactorial.tex
(prac6_AnalisisFactorial.tex
LaTeX2e <2018-12-01>
("C:\Users\sandr\AppData\Local\Programs\MiKTeX 2.9\tex/latex/base\book.cls"
Document Class: book 2018/09/03 v1.4i Standard LaTeX document class
("C:\Users\sandr\AppData\Local\Programs\MiKTeX 2.9\tex/latex/base\bk12.clo"
File: bk12.clo 2018/09/03 v1.4i Standard LaTeX file (size option)
)
\c@part=\count80
\c@chapter=\count81
\c@section=\count82
\c@subsection=\count83
\c@subsubsection=\count84
\c@paragraph=\count85
\c@subparagraph=\count86
\c@figure=\count87
\c@table=\count88
\abovecaptionskip=\skip41
\belowcaptionskip=\skip42
\bibindent=\dimen102
)
("C:\Users\sandr\AppData\Local\Programs\MiKTeX 2.9\tex/latex/base\inputenc.sty"
Package: inputenc 2018/08/11 v1.3c Input encoding file
\inpenc@prehook=\toks14
\inpenc@posthook=\toks15
) ("C:\Users\sandr\AppData\Local\Programs\MiKTeX 2.9\tex/generic/babel\babel.st
y"
Package: babel 2018/11/13 3.27 The Babel package

("C:\Users\sandr\AppData\Local\Programs\MiKTeX 2.9\tex/generic/babel\switch.def
"
File: switch.def 2018/11/13 3.27 Babel switching mechanism
)
*************************************
* Local config file bblopts.cfg used
*
("C:\Users\sandr\AppData\Local\Programs\MiKTeX 2.9\tex/latex/arabi\bblopts.cfg"
File: bblopts.cfg 2005/09/08 v0.1 add Arabic and Farsi to "declared" options of
 babel
)
("C:\Users\sandr\AppData\Local\Programs\MiKTeX 2.9\tex/latex/babel-spanish\span
ish.ldf"
Language: spanish.ldf 2016/03/03 v5.0p Spanish support from the babel system

("C:\Users\sandr\AppData\Local\Programs\MiKTeX 2.9\tex/generic/babel\babel.def"
File: babel.def 2018/11/13 3.27 Babel common definitions
\babel@savecnt=\count89
\U@D=\dimen103

("C:\Users\sandr\AppData\Local\Programs\MiKTeX 2.9\tex/generic/babel\txtbabel.d
ef")
\bbl@dirlevel=\count90
)
\es@quottoks=\toks16
\es@quotdepth=\count91
Package babel Info: Making " an active character on input line 561.
Package babel Info: Making . an active character on input line 662.
Package babel Info: Making < an active character on input line 707.
Package babel Info: Making > an active character on input line 707.
)) ("C:\Users\sandr\AppData\Local\Programs\MiKTeX 2.9\tex/latex/url\url.sty"
\Urlmuskip=\muskip10
Package: url 2013/09/16  ver 3.4  Verb mode for urls, etc.
)
("C:\Users\sandr\AppData\Local\Programs\MiKTeX 2.9\tex/latex/psnfss\times.sty"
Package: times 2005/04/12 PSNFSS-v9.2a (SPQR) 
)
("C:\Users\sandr\AppData\Local\Programs\MiKTeX 2.9\tex/latex/graphics\graphicx.
sty"
Package: graphicx 2017/06/01 v1.1a Enhanced LaTeX Graphics (DPC,SPQR)

("C:\Users\sandr\AppData\Local\Programs\MiKTeX 2.9\tex/latex/graphics\keyval.st
y"
Package: keyval 2014/10/28 v1.15 key=value parser (DPC)
\KV@toks@=\toks17
)
("C:\Users\sandr\AppData\Local\Programs\MiKTeX 2.9\tex/latex/graphics\graphics.
sty"
Package: graphics 2017/06/25 v1.2c Standard LaTeX Graphics (DPC,SPQR)

("C:\Users\sandr\AppData\Local\Programs\MiKTeX 2.9\tex/latex/graphics\trig.sty"
Package: trig 2016/01/03 v1.10 sin cos tan (DPC)
)
("C:\Users\sandr\AppData\Local\Programs\MiKTeX 2.9\tex/latex/graphics-cfg\graph
ics.cfg"
File: graphics.cfg 2016/06/04 v1.11 sample graphics configuration
)
Package graphics Info: Driver file: pdftex.def on input line 99.

("C:\Users\sandr\AppData\Local\Programs\MiKTeX 2.9\tex/latex/graphics-def\pdfte
x.def"
File: pdftex.def 2018/01/08 v1.0l Graphics/color driver for pdftex
))
\Gin@req@height=\dimen104
\Gin@req@width=\dimen105
)
("C:\Users\sandr\AppData\Local\Programs\MiKTeX 2.9\tex/latex/float\float.sty"
Package: float 2001/11/08 v1.3d Float enhancements (AL)
\c@float@type=\count92
\float@exts=\toks18
\float@box=\box27
\@float@everytoks=\toks19
\@floatcapt=\box28
)
("C:\Users\sandr\AppData\Local\Programs\MiKTeX 2.9\tex/latex/tocbibind\tocbibin
d.sty"
Package: tocbibind 2010/10/13 v1.5k extra ToC listings
Package tocbibind Info: The document has chapter divisions on input line 50.


Package tocbibind Note: Using chapter style headings, unless overridden.

) ("C:\Users\sandr\AppData\Local\Programs\MiKTeX 2.9\tex/latex/base\latexsym.st
y"
Package: latexsym 1998/08/17 v2.2e Standard LaTeX package (lasy symbols)
\symlasy=\mathgroup4
LaTeX Font Info:    Overwriting symbol font `lasy' in version `bold'
(Font)                  U/lasy/m/n --> U/lasy/b/n on input line 52.
)
("C:\Users\sandr\AppData\Local\Programs\MiKTeX 2.9\tex/latex/geometry\geometry.
sty"
Package: geometry 2018/04/16 v5.8 Page Geometry

("C:\Users\sandr\AppData\Local\Programs\MiKTeX 2.9\tex/generic/oberdiek\ifpdf.s
ty"
Package: ifpdf 2018/09/07 v3.3 Provides the ifpdf switch
)
("C:\Users\sandr\AppData\Local\Programs\MiKTeX 2.9\tex/generic/oberdiek\ifvtex.
sty"
Package: ifvtex 2016/05/16 v1.6 Detect VTeX and its facilities (HO)
Package ifvtex Info: VTeX not detected.
)
("C:\Users\sandr\AppData\Local\Programs\MiKTeX 2.9\tex/generic/ifxetex\ifxetex.
sty"
Package: ifxetex 2010/09/12 v0.6 Provides ifxetex conditional
)
\Gm@cnth=\count93
\Gm@cntv=\count94
\c@Gm@tempcnt=\count95
\Gm@bindingoffset=\dimen106
\Gm@wd@mp=\dimen107
\Gm@odd@mp=\dimen108
\Gm@even@mp=\dimen109
\Gm@layoutwidth=\dimen110
\Gm@layoutheight=\dimen111
\Gm@layouthoffset=\dimen112
\Gm@layoutvoffset=\dimen113
\Gm@dimlist=\toks20

("C:\Users\sandr\AppData\Local\Programs\MiKTeX 2.9\tex/latex/geometry\geometry.
cfg")) (prac6_AnalisisFactorial.aux
LaTeX Info: Redefining \. on input line 6.
LaTeX Info: Redefining \% on input line 6.


LaTeX Warning: Label `fig:a1' multiply defined.


LaTeX Warning: Label `fig:pff' multiply defined.


LaTeX Warning: Label `fig:pff' multiply defined.

)
\openout1 = `prac6_AnalisisFactorial.aux'.

LaTeX Font Info:    Checking defaults for OML/cmm/m/it on input line 17.
LaTeX Font Info:    ... okay on input line 17.
LaTeX Font Info:    Checking defaults for T1/cmr/m/n on input line 17.
LaTeX Font Info:    ... okay on input line 17.
LaTeX Font Info:    Checking defaults for OT1/cmr/m/n on input line 17.
LaTeX Font Info:    ... okay on input line 17.
LaTeX Font Info:    Checking defaults for OMS/cmsy/m/n on input line 17.
LaTeX Font Info:    ... okay on input line 17.
LaTeX Font Info:    Checking defaults for OMX/cmex/m/n on input line 17.
LaTeX Font Info:    ... okay on input line 17.
LaTeX Font Info:    Checking defaults for U/cmr/m/n on input line 17.
LaTeX Font Info:    ... okay on input line 17.
LaTeX Font Info:    Try loading font information for OT1+ptm on input line 17.
 ("C:\Users\sandr\AppData\Local\Programs\MiKTeX 2.9\tex/latex/psnfss\ot1ptm.fd"
File: ot1ptm.fd 2001/06/04 font definitions for OT1/ptm.
)
LaTeX Info: Redefining \. on input line 17.
LaTeX Info: Redefining \% on input line 17.

("C:\Users\sandr\AppData\Local\Programs\MiKTeX 2.9\tex/context/base\supp-pdf.mk
ii"
[Loading MPS to PDF converter (version 2006.09.02).]
\scratchcounter=\count96
\scratchdimen=\dimen114
\scratchbox=\box29
\nofMPsegments=\count97
\nofMParguments=\count98
\everyMPshowfont=\toks21
\MPscratchCnt=\count99
\MPscratchDim=\dimen115
\MPnumerator=\count100
\makeMPintoPDFobject=\count101
\everyMPtoPDFconversion=\toks22
)
("C:\Users\sandr\AppData\Local\Programs\MiKTeX 2.9\tex/latex/oberdiek\epstopdf-
base.sty"
Package: epstopdf-base 2016/05/15 v2.6 Base part for package epstopdf

("C:\Users\sandr\AppData\Local\Programs\MiKTeX 2.9\tex/generic/oberdiek\infware
rr.sty"
Package: infwarerr 2016/05/16 v1.4 Providing info/warning/error messages (HO)
)
("C:\Users\sandr\AppData\Local\Programs\MiKTeX 2.9\tex/latex/oberdiek\grfext.st
y"
Package: grfext 2016/05/16 v1.2 Manage graphics extensions (HO)

("C:\Users\sandr\AppData\Local\Programs\MiKTeX 2.9\tex/generic/oberdiek\kvdefin
ekeys.sty"
Package: kvdefinekeys 2016/05/16 v1.4 Define keys (HO)

("C:\Users\sandr\AppData\Local\Programs\MiKTeX 2.9\tex/generic/oberdiek\ltxcmds
.sty"
Package: ltxcmds 2016/05/16 v1.23 LaTeX kernel commands for general use (HO)
)))
("C:\Users\sandr\AppData\Local\Programs\MiKTeX 2.9\tex/latex/oberdiek\kvoptions
.sty"
Package: kvoptions 2016/05/16 v3.12 Key value format for package options (HO)

("C:\Users\sandr\AppData\Local\Programs\MiKTeX 2.9\tex/generic/oberdiek\kvsetke
ys.sty"
Package: kvsetkeys 2016/05/16 v1.17 Key value parser (HO)

("C:\Users\sandr\AppData\Local\Programs\MiKTeX 2.9\tex/generic/oberdiek\etexcmd
s.sty"
Package: etexcmds 2016/05/16 v1.6 Avoid name clashes with e-TeX commands (HO)

("C:\Users\sandr\AppData\Local\Programs\MiKTeX 2.9\tex/generic/oberdiek\ifluate
x.sty"
Package: ifluatex 2016/05/16 v1.4 Provides the ifluatex switch (HO)
Package ifluatex Info: LuaTeX not detected.
))))
("C:\Users\sandr\AppData\Local\Programs\MiKTeX 2.9\tex/generic/oberdiek\pdftexc
mds.sty"
Package: pdftexcmds 2018/09/10 v0.29 Utility functions of pdfTeX for LuaTeX (HO
)
Package pdftexcmds Info: LuaTeX not detected.
Package pdftexcmds Info: \pdf@primitive is available.
Package pdftexcmds Info: \pdf@ifprimitive is available.
Package pdftexcmds Info: \pdfdraftmode found.
)
Package epstopdf-base Info: Redefining graphics rule for `.eps' on input line 4
38.
Package grfext Info: Graphics extension search list:
(grfext)             [.pdf,.png,.jpg,.mps,.jpeg,.jbig2,.jb2,.PDF,.PNG,.JPG,.JPE
G,.JBIG2,.JB2,.eps]
(grfext)             \AppendGraphicsExtensions on input line 456.
)
*geometry* driver: auto-detecting
*geometry* detected driver: pdftex
*geometry* verbose mode - [ preamble ] result:
* driver: pdftex
* paper: a4paper
* layout: <same size as paper>
* layoutoffset:(h,v)=(0.0pt,0.0pt)
* modes: twoside 
* h-part:(L,W,R)=(56.9055pt, 483.69687pt, 56.9055pt)
* v-part:(T,H,B)=(56.9055pt, 731.23584pt, 56.9055pt)
* \paperwidth=597.50787pt
* \paperheight=845.04684pt
* \textwidth=483.69687pt
* \textheight=731.23584pt
* \oddsidemargin=-15.36449pt
* \evensidemargin=-15.36449pt
* \topmargin=-47.23828pt
* \headheight=12.0pt
* \headsep=19.8738pt
* \topskip=12.0pt
* \footskip=30.0pt
* \marginparwidth=88.0pt
* \marginparsep=7.0pt
* \columnsep=10.0pt
* \skip\footins=10.8pt plus 4.0pt minus 2.0pt
* \hoffset=0.0pt
* \voffset=0.0pt
* \mag=1000
* \@twocolumnfalse
* \@twosidetrue
* \@mparswitchtrue
* \@reversemarginfalse
* (1in=72.27pt=25.4mm, 1cm=28.453pt)

LaTeX Font Info:    External font `cmex10' loaded for size
(Font)              <12> on input line 22.
LaTeX Font Info:    External font `cmex10' loaded for size
(Font)              <8> on input line 22.
LaTeX Font Info:    External font `cmex10' loaded for size
(Font)              <6> on input line 22.
LaTeX Font Info:    Try loading font information for U+lasy on input line 22.
("C:\Users\sandr\AppData\Local\Programs\MiKTeX 2.9\tex/latex/base\ulasy.fd"
File: ulasy.fd 1998/08/17 v2.2e LaTeX symbol font definitions
)
<urjc.png, id=1, 338.26375pt x 150.5625pt>
File: urjc.png Graphic file (type png)
<use urjc.png>
Package pdftex.def Info: urjc.png  used on input line 24.
(pdftex.def)             Requested size: 84.56572pt x 37.64052pt.
LaTeX Font Info:    Try loading font information for OT1+phv on input line 27.

("C:\Users\sandr\AppData\Local\Programs\MiKTeX 2.9\tex/latex/psnfss\ot1phv.fd"
File: ot1phv.fd 2001/06/04 scalable font definitions for OT1/phv.
) [1


{C:/Users/sandr/AppData/Local/MiKTeX/2.9/pdftex/config/pdftex.map} <./urjc.png>
] [2]
Cap\'{\i }tulo 1.
LaTeX Font Info:    Font shape `OT1/ptm/bx/n' in size <24.88> not available
(Font)              Font shape `OT1/ptm/b/n' tried instead on input line 65.
<Captura0.png, id=12, 409.53pt x 207.77625pt>
File: Captura0.png Graphic file (type png)
<use Captura0.png>
Package pdftex.def Info: Captura0.png  used on input line 72.
(pdftex.def)             Requested size: 409.52899pt x 207.77573pt.
<Captura1.png, id=14, 363.60844pt x 23.33719pt>
File: Captura1.png Graphic file (type png)
<use Captura1.png>
Package pdftex.def Info: Captura1.png  used on input line 79.
(pdftex.def)             Requested size: 363.60754pt x 23.33711pt.
<Captura2.png, id=15, 746.03719pt x 25.59563pt>
File: Captura2.png Graphic file (type png)
<use Captura2.png>
Package pdftex.def Info: Captura2.png  used on input line 86.
(pdftex.def)             Requested size: 447.62576pt x 15.35748pt.
[1

 <./Captura0.png> <./Captura1.png>]
LaTeX Font Info:    Font shape `OT1/ptm/bx/n' in size <12> not available
(Font)              Font shape `OT1/ptm/b/n' tried instead on input line 90.
<Captura3.png, id=23, 489.32813pt x 33.87656pt>
File: Captura3.png Graphic file (type png)
<use Captura3.png>
Package pdftex.def Info: Captura3.png  used on input line 93.
(pdftex.def)             Requested size: 391.46303pt x 27.10127pt.
<Captura4.png, id=24, 484.81125pt x 24.84282pt>
File: Captura4.png Graphic file (type png)
<use Captura4.png>
Package pdftex.def Info: Captura4.png  used on input line 100.
(pdftex.def)             Requested size: 387.84952pt x 19.87427pt.
<Captura5.png, id=25, 341.02406pt x 184.43906pt>
File: Captura5.png Graphic file (type png)
<use Captura5.png>
Package pdftex.def Info: Captura5.png  used on input line 107.
(pdftex.def)             Requested size: 341.02322pt x 184.4386pt.
<Captura6.png, id=26, 131.74219pt x 21.07875pt>
File: Captura6.png Graphic file (type png)
<use Captura6.png>
Package pdftex.def Info: Captura6.png  used on input line 114.
(pdftex.def)             Requested size: 131.74185pt x 21.07867pt.
<Captura7.png, id=27, 337.26pt x 46.67438pt>
File: Captura7.png Graphic file (type png)
<use Captura7.png>
Package pdftex.def Info: Captura7.png  used on input line 121.
(pdftex.def)             Requested size: 337.25917pt x 46.67424pt.
LaTeX Info: Redefining \. on input line 124.
LaTeX Info: Redefining \% on input line 124.
 [2 <./Captura2.png> <./Captura3.png> <./Captura4.png> <./Captura5.png> <./Capt
ura6.png>]
<Captura8.png, id=37, 369.63094pt x 93.34875pt>
File: Captura8.png Graphic file (type png)
<use Captura8.png>
Package pdftex.def Info: Captura8.png  used on input line 128.
(pdftex.def)             Requested size: 369.63002pt x 93.34851pt.
<Captura9.png, id=38, 415.5525pt x 26.34843pt>
File: Captura9.png Graphic file (type png)
<use Captura9.png>
Package pdftex.def Info: Captura9.png  used on input line 137.
(pdftex.def)             Requested size: 415.55148pt x 26.34836pt.
<Captura10.png, id=39, 275.52937pt x 24.84282pt>
File: Captura10.png Graphic file (type png)
<use Captura10.png>
Package pdftex.def Info: Captura10.png  used on input line 144.
(pdftex.def)             Requested size: 275.52869pt x 24.84274pt.
<Captura11.png, id=40, 665.48625pt x 80.55093pt>
File: Captura11.png Graphic file (type png)
<use Captura11.png>
Package pdftex.def Info: Captura11.png  used on input line 151.
(pdftex.def)             Requested size: 465.83719pt x 56.38525pt.
 [3 <./Captura7.png> <./Captura8.png> <./Captura9.png> <./Captura10.png>]
<Captura12.png, id=48, 588.69937pt x 73.77562pt>
File: Captura12.png Graphic file (type png)
<use Captura12.png>
Package pdftex.def Info: Captura12.png  used on input line 159.
(pdftex.def)             Requested size: 441.52344pt x 55.33156pt.
<Captura13.png, id=49, 477.28313pt x 194.97844pt>
File: Captura13.png Graphic file (type png)
<use Captura13.png>
Package pdftex.def Info: Captura13.png  used on input line 166.
(pdftex.def)             Requested size: 477.28195pt x 194.97795pt.
<Captura14.png, id=50, 324.46219pt x 271.0125pt>
File: Captura14.png Graphic file (type png)
<use Captura14.png>
Package pdftex.def Info: Captura14.png  used on input line 172.
(pdftex.def)             Requested size: 324.46138pt x 271.01183pt.

Underfull \vbox (badness 10000) has occurred while \output is active []

LaTeX Info: Redefining \. on input line 177.
LaTeX Info: Redefining \% on input line 177.
 [4 <./Captura11.png> <./Captura12.png> <./Captura13.png>]
LaTeX Font Info:    Font shape `OT1/ptm/bx/it' in size <12> not available
(Font)              Font shape `OT1/ptm/b/it' tried instead on input line 177.
<Captura15.png, id=57, 351.56343pt x 46.67438pt>
File: Captura15.png Graphic file (type png)
<use Captura15.png>
Package pdftex.def Info: Captura15.png  used on input line 181.
(pdftex.def)             Requested size: 351.56256pt x 46.67424pt.
<Captura16.png, id=58, 474.27188pt x 330.48468pt>
File: Captura16.png Graphic file (type png)
<use Captura16.png>
Package pdftex.def Info: Captura16.png  used on input line 188.
(pdftex.def)             Requested size: 474.27072pt x 330.48387pt.

Underfull \vbox (badness 10000) has occurred while \output is active []

 [5 <./Captura14.png> <./Captura15.png>]
<Captura17.png, id=66, 232.61906pt x 91.09032pt>
File: Captura17.png Graphic file (type png)
<use Captura17.png>
Package pdftex.def Info: Captura17.png  used on input line 196.
(pdftex.def)             Requested size: 232.61848pt x 91.09007pt.
<Captura18.png, id=67, 505.89pt x 102.3825pt>
File: Captura18.png Graphic file (type png)
<use Captura18.png>
Package pdftex.def Info: Captura18.png  used on input line 203.
(pdftex.def)             Requested size: 379.41655pt x 76.78668pt.
<Captura19.png, id=68, 227.34938pt x 204.01219pt>
File: Captura19.png Graphic file (type png)
<use Captura19.png>
Package pdftex.def Info: Captura19.png  used on input line 209.
(pdftex.def)             Requested size: 227.34882pt x 204.01169pt.

Underfull \vbox (badness 10000) has occurred while \output is active []

LaTeX Info: Redefining \. on input line 212.
LaTeX Info: Redefining \% on input line 212.
 [6 <./Captura16.png> <./Captura17.png>]
<Captura20.png, id=74, 200.24812pt x 124.96687pt>
File: Captura20.png Graphic file (type png)
<use Captura20.png>
Package pdftex.def Info: Captura20.png  used on input line 215.
(pdftex.def)             Requested size: 200.24763pt x 124.96657pt.
<Captura21.png, id=75, 320.69812pt x 289.08pt>
File: Captura21.png Graphic file (type png)
<use Captura21.png>
Package pdftex.def Info: Captura21.png  used on input line 221.
(pdftex.def)             Requested size: 320.69733pt x 289.07928pt.

Underfull \vbox (badness 10000) has occurred while \output is active []

 [7 <./Captura18.png> <./Captura19.png> <./Captura20.png>]
<Captura22.png, id=82, 538.26094pt x 24.09pt>
File: Captura22.png Graphic file (type png)
<use Captura22.png>
Package pdftex.def Info: Captura22.png  used on input line 230.
(pdftex.def)             Requested size: 403.69472pt x 18.06743pt.
<Captura23.png, id=83, 536.75531pt x 36.135pt>
File: Captura23.png Graphic file (type png)
<use Captura23.png>
Package pdftex.def Info: Captura23.png  used on input line 237.
(pdftex.def)             Requested size: 402.56548pt x 27.10117pt.
<Captura24.png, id=84, 523.20468pt x 60.225pt>
File: Captura24.png Graphic file (type png)
<use Captura24.png>
Package pdftex.def Info: Captura24.png  used on input line 245.
(pdftex.def)             Requested size: 392.40254pt x 45.16862pt.
LaTeX Info: Redefining \. on input line 249.
LaTeX Info: Redefining \% on input line 249.
 [8 <./Captura21.png> <./Captura22.png> <./Captura23.png>] [9 <./Captura24.png>
] (prac6_AnalisisFactorial.aux
LaTeX Info: Redefining \. on input line 6.
LaTeX Info: Redefining \% on input line 6.
)

LaTeX Warning: There were multiply-defined labels.

 ) 
Here is how much of TeX's memory you used:
 3390 strings out of 492946
 49846 string characters out of 3126266
 124617 words of memory out of 3000000
 7192 multiletter control sequences out of 15000+200000
 23508 words of font info for 47 fonts, out of 3000000 for 9000
 1141 hyphenation exceptions out of 8191
 41i,13n,31p,322b,365s stack positions out of 5000i,500n,10000p,200000b,50000s
{C:/Users/sandr/AppData/Local/Programs/MiKTeX 2.9/fonts/enc/dvips/base/8r.enc
}<C:/Users/sandr/AppData/Local/Programs/MiKTeX 2.9/fonts/type1/urw/helvetic/uhv
r8a.pfb><C:/Users/sandr/AppData/Local/Programs/MiKTeX 2.9/fonts/type1/urw/times
/utmb8a.pfb><C:/Users/sandr/AppData/Local/Programs/MiKTeX 2.9/fonts/type1/urw/t
imes/utmbi8a.pfb><C:/Users/sandr/AppData/Local/Programs/MiKTeX 2.9/fonts/type1/
urw/times/utmr8a.pfb><C:/Users/sandr/AppData/Local/Programs/MiKTeX 2.9/fonts/ty
pe1/urw/times/utmr8a.pfb><C:/Users/sandr/AppData/Local/Programs/MiKTeX 2.9/font
s/type1/urw/times/utmri8a.pfb>
Output written on prac6_AnalisisFactorial.pdf (11 pages, 211654 bytes).
PDF statistics:
 116 PDF objects out of 1000 (max. 8388607)
 0 named destinations out of 1000 (max. 500000)
 131 words of extra memory for PDF output out of 10000 (max. 10000000)

