This is pdfTeX, Version 3.14159265-2.6-1.40.19 (MiKTeX 2.9.6930 64-bit) (preloaded format=pdflatex 2019.1.23)  1 MAY 2019 00:27
entering extended mode
**./prac8_Localizacion_SandraYSergio.tex
(prac8_Localizacion_SandraYSergio.tex
LaTeX2e <2018-12-01>
("C:\Users\sandr\AppData\Local\Programs\MiKTeX 2.9\tex/latex/base\book.cls"
Document Class: book 2018/09/03 v1.4i Standard LaTeX document class
("C:\Users\sandr\AppData\Local\Programs\MiKTeX 2.9\tex/latex/base\bk12.clo"
File: bk12.clo 2018/09/03 v1.4i Standard LaTeX file (size option)
)
\c@part=\count80
\c@chapter=\count81
\c@section=\count82
\c@subsection=\count83
\c@subsubsection=\count84
\c@paragraph=\count85
\c@subparagraph=\count86
\c@figure=\count87
\c@table=\count88
\abovecaptionskip=\skip41
\belowcaptionskip=\skip42
\bibindent=\dimen102
)
("C:\Users\sandr\AppData\Local\Programs\MiKTeX 2.9\tex/latex/base\inputenc.sty"
Package: inputenc 2018/08/11 v1.3c Input encoding file
\inpenc@prehook=\toks14
\inpenc@posthook=\toks15
) ("C:\Users\sandr\AppData\Local\Programs\MiKTeX 2.9\tex/generic/babel\babel.st
y"
Package: babel 2018/11/13 3.27 The Babel package

("C:\Users\sandr\AppData\Local\Programs\MiKTeX 2.9\tex/generic/babel\switch.def
"
File: switch.def 2018/11/13 3.27 Babel switching mechanism
)
*************************************
* Local config file bblopts.cfg used
*
("C:\Users\sandr\AppData\Local\Programs\MiKTeX 2.9\tex/latex/arabi\bblopts.cfg"
File: bblopts.cfg 2005/09/08 v0.1 add Arabic and Farsi to "declared" options of
 babel
)
("C:\Users\sandr\AppData\Local\Programs\MiKTeX 2.9\tex/latex/babel-spanish\span
ish.ldf"
Language: spanish.ldf 2016/03/03 v5.0p Spanish support from the babel system

("C:\Users\sandr\AppData\Local\Programs\MiKTeX 2.9\tex/generic/babel\babel.def"
File: babel.def 2018/11/13 3.27 Babel common definitions
\babel@savecnt=\count89
\U@D=\dimen103

("C:\Users\sandr\AppData\Local\Programs\MiKTeX 2.9\tex/generic/babel\txtbabel.d
ef")
\bbl@dirlevel=\count90
)
\es@quottoks=\toks16
\es@quotdepth=\count91
Package babel Info: Making " an active character on input line 561.
Package babel Info: Making . an active character on input line 662.
Package babel Info: Making < an active character on input line 707.
Package babel Info: Making > an active character on input line 707.
)) ("C:\Users\sandr\AppData\Local\Programs\MiKTeX 2.9\tex/latex/url\url.sty"
\Urlmuskip=\muskip10
Package: url 2013/09/16  ver 3.4  Verb mode for urls, etc.
)
("C:\Users\sandr\AppData\Local\Programs\MiKTeX 2.9\tex/latex/psnfss\times.sty"
Package: times 2005/04/12 PSNFSS-v9.2a (SPQR) 
)
("C:\Users\sandr\AppData\Local\Programs\MiKTeX 2.9\tex/latex/graphics\graphicx.
sty"
Package: graphicx 2017/06/01 v1.1a Enhanced LaTeX Graphics (DPC,SPQR)

("C:\Users\sandr\AppData\Local\Programs\MiKTeX 2.9\tex/latex/graphics\keyval.st
y"
Package: keyval 2014/10/28 v1.15 key=value parser (DPC)
\KV@toks@=\toks17
)
("C:\Users\sandr\AppData\Local\Programs\MiKTeX 2.9\tex/latex/graphics\graphics.
sty"
Package: graphics 2017/06/25 v1.2c Standard LaTeX Graphics (DPC,SPQR)

("C:\Users\sandr\AppData\Local\Programs\MiKTeX 2.9\tex/latex/graphics\trig.sty"
Package: trig 2016/01/03 v1.10 sin cos tan (DPC)
)
("C:\Users\sandr\AppData\Local\Programs\MiKTeX 2.9\tex/latex/graphics-cfg\graph
ics.cfg"
File: graphics.cfg 2016/06/04 v1.11 sample graphics configuration
)
Package graphics Info: Driver file: pdftex.def on input line 99.

("C:\Users\sandr\AppData\Local\Programs\MiKTeX 2.9\tex/latex/graphics-def\pdfte
x.def"
File: pdftex.def 2018/01/08 v1.0l Graphics/color driver for pdftex
))
\Gin@req@height=\dimen104
\Gin@req@width=\dimen105
)
("C:\Users\sandr\AppData\Local\Programs\MiKTeX 2.9\tex/latex/float\float.sty"
Package: float 2001/11/08 v1.3d Float enhancements (AL)
\c@float@type=\count92
\float@exts=\toks18
\float@box=\box27
\@float@everytoks=\toks19
\@floatcapt=\box28
)
("C:\Users\sandr\AppData\Local\Programs\MiKTeX 2.9\tex/latex/tocbibind\tocbibin
d.sty"
Package: tocbibind 2010/10/13 v1.5k extra ToC listings
Package tocbibind Info: The document has chapter divisions on input line 50.


Package tocbibind Note: Using chapter style headings, unless overridden.

) ("C:\Users\sandr\AppData\Local\Programs\MiKTeX 2.9\tex/latex/base\latexsym.st
y"
Package: latexsym 1998/08/17 v2.2e Standard LaTeX package (lasy symbols)
\symlasy=\mathgroup4
LaTeX Font Info:    Overwriting symbol font `lasy' in version `bold'
(Font)                  U/lasy/m/n --> U/lasy/b/n on input line 52.
)
("C:\Users\sandr\AppData\Local\Programs\MiKTeX 2.9\tex/latex/geometry\geometry.
sty"
Package: geometry 2018/04/16 v5.8 Page Geometry

("C:\Users\sandr\AppData\Local\Programs\MiKTeX 2.9\tex/generic/oberdiek\ifpdf.s
ty"
Package: ifpdf 2018/09/07 v3.3 Provides the ifpdf switch
)
("C:\Users\sandr\AppData\Local\Programs\MiKTeX 2.9\tex/generic/oberdiek\ifvtex.
sty"
Package: ifvtex 2016/05/16 v1.6 Detect VTeX and its facilities (HO)
Package ifvtex Info: VTeX not detected.
)
("C:\Users\sandr\AppData\Local\Programs\MiKTeX 2.9\tex/generic/ifxetex\ifxetex.
sty"
Package: ifxetex 2010/09/12 v0.6 Provides ifxetex conditional
)
\Gm@cnth=\count93
\Gm@cntv=\count94
\c@Gm@tempcnt=\count95
\Gm@bindingoffset=\dimen106
\Gm@wd@mp=\dimen107
\Gm@odd@mp=\dimen108
\Gm@even@mp=\dimen109
\Gm@layoutwidth=\dimen110
\Gm@layoutheight=\dimen111
\Gm@layouthoffset=\dimen112
\Gm@layoutvoffset=\dimen113
\Gm@dimlist=\toks20

("C:\Users\sandr\AppData\Local\Programs\MiKTeX 2.9\tex/latex/geometry\geometry.
cfg")) (prac8_Localizacion_SandraYSergio.aux
LaTeX Info: Redefining \. on input line 6.
LaTeX Info: Redefining \% on input line 6.


LaTeX Warning: Label `fig:pelse2' multiply defined.

)
\openout1 = `prac8_Localizacion_SandraYSergio.aux'.

LaTeX Font Info:    Checking defaults for OML/cmm/m/it on input line 17.
LaTeX Font Info:    ... okay on input line 17.
LaTeX Font Info:    Checking defaults for T1/cmr/m/n on input line 17.
LaTeX Font Info:    ... okay on input line 17.
LaTeX Font Info:    Checking defaults for OT1/cmr/m/n on input line 17.
LaTeX Font Info:    ... okay on input line 17.
LaTeX Font Info:    Checking defaults for OMS/cmsy/m/n on input line 17.
LaTeX Font Info:    ... okay on input line 17.
LaTeX Font Info:    Checking defaults for OMX/cmex/m/n on input line 17.
LaTeX Font Info:    ... okay on input line 17.
LaTeX Font Info:    Checking defaults for U/cmr/m/n on input line 17.
LaTeX Font Info:    ... okay on input line 17.
LaTeX Font Info:    Try loading font information for OT1+ptm on input line 17.
 ("C:\Users\sandr\AppData\Local\Programs\MiKTeX 2.9\tex/latex/psnfss\ot1ptm.fd"
File: ot1ptm.fd 2001/06/04 font definitions for OT1/ptm.
)
LaTeX Info: Redefining \. on input line 17.
LaTeX Info: Redefining \% on input line 17.

("C:\Users\sandr\AppData\Local\Programs\MiKTeX 2.9\tex/context/base\supp-pdf.mk
ii"
[Loading MPS to PDF converter (version 2006.09.02).]
\scratchcounter=\count96
\scratchdimen=\dimen114
\scratchbox=\box29
\nofMPsegments=\count97
\nofMParguments=\count98
\everyMPshowfont=\toks21
\MPscratchCnt=\count99
\MPscratchDim=\dimen115
\MPnumerator=\count100
\makeMPintoPDFobject=\count101
\everyMPtoPDFconversion=\toks22
)
("C:\Users\sandr\AppData\Local\Programs\MiKTeX 2.9\tex/latex/oberdiek\epstopdf-
base.sty"
Package: epstopdf-base 2016/05/15 v2.6 Base part for package epstopdf

("C:\Users\sandr\AppData\Local\Programs\MiKTeX 2.9\tex/generic/oberdiek\infware
rr.sty"
Package: infwarerr 2016/05/16 v1.4 Providing info/warning/error messages (HO)
)
("C:\Users\sandr\AppData\Local\Programs\MiKTeX 2.9\tex/latex/oberdiek\grfext.st
y"
Package: grfext 2016/05/16 v1.2 Manage graphics extensions (HO)

("C:\Users\sandr\AppData\Local\Programs\MiKTeX 2.9\tex/generic/oberdiek\kvdefin
ekeys.sty"
Package: kvdefinekeys 2016/05/16 v1.4 Define keys (HO)

("C:\Users\sandr\AppData\Local\Programs\MiKTeX 2.9\tex/generic/oberdiek\ltxcmds
.sty"
Package: ltxcmds 2016/05/16 v1.23 LaTeX kernel commands for general use (HO)
)))
("C:\Users\sandr\AppData\Local\Programs\MiKTeX 2.9\tex/latex/oberdiek\kvoptions
.sty"
Package: kvoptions 2016/05/16 v3.12 Key value format for package options (HO)

("C:\Users\sandr\AppData\Local\Programs\MiKTeX 2.9\tex/generic/oberdiek\kvsetke
ys.sty"
Package: kvsetkeys 2016/05/16 v1.17 Key value parser (HO)

("C:\Users\sandr\AppData\Local\Programs\MiKTeX 2.9\tex/generic/oberdiek\etexcmd
s.sty"
Package: etexcmds 2016/05/16 v1.6 Avoid name clashes with e-TeX commands (HO)

("C:\Users\sandr\AppData\Local\Programs\MiKTeX 2.9\tex/generic/oberdiek\ifluate
x.sty"
Package: ifluatex 2016/05/16 v1.4 Provides the ifluatex switch (HO)
Package ifluatex Info: LuaTeX not detected.
))))
("C:\Users\sandr\AppData\Local\Programs\MiKTeX 2.9\tex/generic/oberdiek\pdftexc
mds.sty"
Package: pdftexcmds 2018/09/10 v0.29 Utility functions of pdfTeX for LuaTeX (HO
)
Package pdftexcmds Info: LuaTeX not detected.
Package pdftexcmds Info: \pdf@primitive is available.
Package pdftexcmds Info: \pdf@ifprimitive is available.
Package pdftexcmds Info: \pdfdraftmode found.
)
Package epstopdf-base Info: Redefining graphics rule for `.eps' on input line 4
38.
Package grfext Info: Graphics extension search list:
(grfext)             [.pdf,.png,.jpg,.mps,.jpeg,.jbig2,.jb2,.PDF,.PNG,.JPG,.JPE
G,.JBIG2,.JB2,.eps]
(grfext)             \AppendGraphicsExtensions on input line 456.
)
*geometry* driver: auto-detecting
*geometry* detected driver: pdftex
*geometry* verbose mode - [ preamble ] result:
* driver: pdftex
* paper: a4paper
* layout: <same size as paper>
* layoutoffset:(h,v)=(0.0pt,0.0pt)
* modes: twoside 
* h-part:(L,W,R)=(56.9055pt, 483.69687pt, 56.9055pt)
* v-part:(T,H,B)=(56.9055pt, 731.23584pt, 56.9055pt)
* \paperwidth=597.50787pt
* \paperheight=845.04684pt
* \textwidth=483.69687pt
* \textheight=731.23584pt
* \oddsidemargin=-15.36449pt
* \evensidemargin=-15.36449pt
* \topmargin=-47.23828pt
* \headheight=12.0pt
* \headsep=19.8738pt
* \topskip=12.0pt
* \footskip=30.0pt
* \marginparwidth=88.0pt
* \marginparsep=7.0pt
* \columnsep=10.0pt
* \skip\footins=10.8pt plus 4.0pt minus 2.0pt
* \hoffset=0.0pt
* \voffset=0.0pt
* \mag=1000
* \@twocolumnfalse
* \@twosidetrue
* \@mparswitchtrue
* \@reversemarginfalse
* (1in=72.27pt=25.4mm, 1cm=28.453pt)

LaTeX Font Info:    External font `cmex10' loaded for size
(Font)              <12> on input line 22.
LaTeX Font Info:    External font `cmex10' loaded for size
(Font)              <8> on input line 22.
LaTeX Font Info:    External font `cmex10' loaded for size
(Font)              <6> on input line 22.
LaTeX Font Info:    Try loading font information for U+lasy on input line 22.
("C:\Users\sandr\AppData\Local\Programs\MiKTeX 2.9\tex/latex/base\ulasy.fd"
File: ulasy.fd 1998/08/17 v2.2e LaTeX symbol font definitions
)
<urjc.png, id=1, 338.26375pt x 150.5625pt>
File: urjc.png Graphic file (type png)
<use urjc.png>
Package pdftex.def Info: urjc.png  used on input line 24.
(pdftex.def)             Requested size: 84.56572pt x 37.64052pt.
LaTeX Font Info:    Try loading font information for OT1+phv on input line 27.

("C:\Users\sandr\AppData\Local\Programs\MiKTeX 2.9\tex/latex/psnfss\ot1phv.fd"
File: ot1phv.fd 2001/06/04 scalable font definitions for OT1/phv.
) [1


{C:/Users/sandr/AppData/Local/MiKTeX/2.9/pdftex/config/pdftex.map} <./urjc.png>
] [2]
LaTeX Font Info:    Font shape `OT1/ptm/bx/n' in size <24.88> not available
(Font)              Font shape `OT1/ptm/b/n' tried instead on input line 62.
 (prac8_Localizacion_SandraYSergio.toc
LaTeX Info: Redefining \. on input line 1.
LaTeX Info: Redefining \% on input line 1.
LaTeX Font Info:    Font shape `OT1/ptm/bx/n' in size <12> not available
(Font)              Font shape `OT1/ptm/b/n' tried instead on input line 2.
)
\tf@toc=\write3
\openout3 = `prac8_Localizacion_SandraYSergio.toc'.

 [3

]
LaTeX Info: Redefining \. on input line 66.
LaTeX Info: Redefining \% on input line 66.
 [4

]
Cap\'{\i }tulo 1.
<Captura1.png, id=20, 459.96844pt x 71.51718pt>
File: Captura1.png Graphic file (type png)
<use Captura1.png>
Package pdftex.def Info: Captura1.png  used on input line 72.
(pdftex.def)             Requested size: 229.98366pt x 35.7585pt.
<Captura2.png, id=22, 698.61pt x 295.85532pt>
File: Captura2.png Graphic file (type png)
<use Captura2.png>
Package pdftex.def Info: Captura2.png  used on input line 77.
(pdftex.def)             Requested size: 349.30414pt x 147.92729pt.
<Captura3.png, id=23, 700.86844pt x 222.07968pt>
File: Captura3.png Graphic file (type png)
<use Captura3.png>
Package pdftex.def Info: Captura3.png  used on input line 82.
(pdftex.def)             Requested size: 350.43336pt x 111.03957pt.
LaTeX Font Info:    Font shape `OT1/ptm/bx/n' in size <17.28> not available
(Font)              Font shape `OT1/ptm/b/n' tried instead on input line 87.
LaTeX Font Info:    Font shape `OT1/ptm/bx/n' in size <14.4> not available
(Font)              Font shape `OT1/ptm/b/n' tried instead on input line 88.
LaTeX Font Info:    Font shape `OT1/ptm/bx/it' in size <12> not available
(Font)              Font shape `OT1/ptm/b/it' tried instead on input line 89.
[1 <./Captura1.png> <./Captura2.png> <./Captura3.png>]
<Captura4.png, id=31, 596.2275pt x 388.45125pt>
File: Captura4.png Graphic file (type png)
<use Captura4.png>
Package pdftex.def Info: Captura4.png  used on input line 96.
(pdftex.def)             Requested size: 447.16953pt x 291.3377pt.
<Captura5.png, id=32, 615.0478pt x 387.69844pt>
File: Captura5.png Graphic file (type png)
<use Captura5.png>
Package pdftex.def Info: Captura5.png  used on input line 101.
(pdftex.def)             Requested size: 461.28473pt x 290.7731pt.
<Captura6.png, id=33, 616.55344pt x 194.97844pt>
File: Captura6.png Graphic file (type png)
<use Captura6.png>
Package pdftex.def Info: Captura6.png  used on input line 106.
(pdftex.def)             Requested size: 462.41394pt x 146.23346pt.

Underfull \vbox (badness 10000) has occurred while \output is active []

LaTeX Info: Redefining \. on input line 109.
LaTeX Info: Redefining \% on input line 109.
 [2 <./Captura4.png>]
LaTeX Info: Redefining \. on input line 121.
LaTeX Info: Redefining \% on input line 121.
 [3 <./Captura5.png> <./Captura6.png>]
<Captura7.png, id=48, 747.54282pt x 377.15906pt>
File: Captura7.png Graphic file (type png)
<use Captura7.png>
Package pdftex.def Info: Captura7.png  used on input line 125.
(pdftex.def)             Requested size: 448.52916pt x 226.29718pt.
<Captura8.png, id=49, 746.79pt x 398.99063pt>
File: Captura8.png Graphic file (type png)
<use Captura8.png>
Package pdftex.def Info: Captura8.png  used on input line 130.
(pdftex.def)             Requested size: 448.07745pt x 239.39622pt.

Underfull \vbox (badness 10000) has occurred while \output is active []

LaTeX Info: Redefining \. on input line 134.
LaTeX Info: Redefining \% on input line 134.
 [4 <./Captura7.png>]
<Captura9.png, id=56, 431.36156pt x 27.85406pt>
File: Captura9.png Graphic file (type png)
<use Captura9.png>
Package pdftex.def Info: Captura9.png  used on input line 140.
(pdftex.def)             Requested size: 431.3605pt x 27.85397pt.

Underfull \vbox (badness 10000) has occurred while \output is active []

LaTeX Info: Redefining \. on input line 144.
LaTeX Info: Redefining \% on input line 144.
 [5 <./Captura8.png>]
<Captura10.png, id=61, 345.54094pt x 47.42719pt>
File: Captura10.png Graphic file (type png)
<use Captura10.png>
Package pdftex.def Info: Captura10.png  used on input line 149.
(pdftex.def)             Requested size: 345.54008pt x 47.42706pt.
<Captura11.png, id=62, 300.3722pt x 48.18pt>
File: Captura11.png Graphic file (type png)
<use Captura11.png>
Package pdftex.def Info: Captura11.png  used on input line 158.
(pdftex.def)             Requested size: 300.37144pt x 48.17986pt.
<Captura12.png, id=63, 763.35187pt x 207.77625pt>
File: Captura12.png Graphic file (type png)
<use Captura12.png>
Package pdftex.def Info: Captura12.png  used on input line 167.
(pdftex.def)             Requested size: 458.01465pt x 124.6667pt.

Underfull \vbox (badness 1902) has occurred while \output is active []

LaTeX Info: Redefining \. on input line 171.
LaTeX Info: Redefining \% on input line 171.
 [6 <./Captura9.png> <./Captura10.png> <./Captura11.png>]
<Captura13.png, id=70, 708.39656pt x 82.05656pt>
File: Captura13.png Graphic file (type png)
<use Captura13.png>
Package pdftex.def Info: Captura13.png  used on input line 175.
(pdftex.def)             Requested size: 425.04121pt x 49.2343pt.
<Captura14.png, id=71, 624.08156pt x 27.85406pt>
File: Captura14.png Graphic file (type png)
<use Captura14.png>
Package pdftex.def Info: Captura14.png  used on input line 182.
(pdftex.def)             Requested size: 468.06001pt x 20.89047pt.
<Captura15.png, id=72, 160.34906pt x 23.33719pt>
File: Captura15.png Graphic file (type png)
<use Captura15.png>
Package pdftex.def Info: Captura15.png  used on input line 189.
(pdftex.def)             Requested size: 160.34866pt x 23.33711pt.
<Captura16.png, id=73, 405.01312pt x 408.77719pt>
File: Captura16.png Graphic file (type png)
<use Captura16.png>
Package pdftex.def Info: Captura16.png  used on input line 196.
(pdftex.def)             Requested size: 405.01212pt x 408.77618pt.
LaTeX Info: Redefining \. on input line 200.
LaTeX Info: Redefining \% on input line 200.
 [7 <./Captura12.png> <./Captura13.png> <./Captura14.png> <./Captura15.png>]
<Captura17.png, id=81, 351.56343pt x 78.2925pt>
File: Captura17.png Graphic file (type png)
<use Captura17.png>
Package pdftex.def Info: Captura17.png  used on input line 208.
(pdftex.def)             Requested size: 351.56256pt x 78.2923pt.
<Captura18.png, id=82, 405.01312pt x 371.13657pt>
File: Captura18.png Graphic file (type png)
<use Captura18.png>
Package pdftex.def Info: Captura18.png  used on input line 214.
(pdftex.def)             Requested size: 405.01212pt x 371.13565pt.

Underfull \vbox (badness 10000) has occurred while \output is active []

LaTeX Info: Redefining \. on input line 217.
LaTeX Info: Redefining \% on input line 217.
 [8 <./Captura16.png>]
<Captura19.png, id=87, 380.92313pt x 34.62938pt>
File: Captura19.png Graphic file (type png)
<use Captura19.png>
Package pdftex.def Info: Captura19.png  used on input line 221.
(pdftex.def)             Requested size: 380.92218pt x 34.62927pt.
<Captura20.png, id=88, 408.77719pt x 379.4175pt>
File: Captura20.png Graphic file (type png)
<use Captura20.png>
Package pdftex.def Info: Captura20.png  used on input line 227.
(pdftex.def)             Requested size: 408.77618pt x 379.41656pt.

Underfull \vbox (badness 4792) has occurred while \output is active []

LaTeX Info: Redefining \. on input line 231.
LaTeX Info: Redefining \% on input line 231.
 [9 <./Captura17.png> <./Captura18.png> <./Captura19.png>]
<Captura21.png, id=96, 388.45125pt x 33.87656pt>
File: Captura21.png Graphic file (type png)
<use Captura21.png>
Package pdftex.def Info: Captura21.png  used on input line 234.
(pdftex.def)             Requested size: 388.45029pt x 33.87646pt.
<Captura22.png, id=97, 401.24907pt x 376.40625pt>
File: Captura22.png Graphic file (type png)
<use Captura22.png>
Package pdftex.def Info: Captura22.png  used on input line 240.
(pdftex.def)             Requested size: 401.24808pt x 376.40532pt.

Underfull \vbox (badness 10000) has occurred while \output is active []

LaTeX Info: Redefining \. on input line 244.
LaTeX Info: Redefining \% on input line 244.
 [10 <./Captura20.png> <./Captura21.png>]
<Captura23.png, id=103, 380.17032pt x 35.38219pt>
File: Captura23.png Graphic file (type png)
<use Captura23.png>
Package pdftex.def Info: Captura23.png  used on input line 247.
(pdftex.def)             Requested size: 380.16939pt x 35.3821pt.
<Captura24.png, id=104, 401.24907pt x 377.91188pt>
File: Captura24.png Graphic file (type png)
<use Captura24.png>
Package pdftex.def Info: Captura24.png  used on input line 253.
(pdftex.def)             Requested size: 401.24808pt x 377.91095pt.

Underfull \vbox (badness 10000) has occurred while \output is active []

LaTeX Info: Redefining \. on input line 257.
LaTeX Info: Redefining \% on input line 257.
 [11 <./Captura22.png> <./Captura23.png>]
LaTeX Info: Redefining \. on input line 258.
LaTeX Info: Redefining \% on input line 258.
 [12 <./Captura24.png>]
(prac8_Localizacion_SandraYSergio.aux
LaTeX Info: Redefining \. on input line 6.
LaTeX Info: Redefining \% on input line 6.
)

LaTeX Warning: There were multiply-defined labels.

 ) 
Here is how much of TeX's memory you used:
 3407 strings out of 492946
 50456 string characters out of 3126266
 126625 words of memory out of 3000000
 7204 multiletter control sequences out of 15000+200000
 28345 words of font info for 53 fonts, out of 3000000 for 9000
 1141 hyphenation exceptions out of 8191
 41i,13n,31p,1082b,366s stack positions out of 5000i,500n,10000p,200000b,50000s
{C:/Users/sandr/AppData/Local/Programs/MiKTeX 2.9/fonts/enc/dvips/base/8r.enc
}<C:/Users/sandr/AppData/Local/Programs/MiKTeX 2.9/fonts/type1/public/amsfonts/
cm/cmex10.pfb><C:/Users/sandr/AppData/Local/Programs/MiKTeX 2.9/fonts/type1/pub
lic/amsfonts/cm/cmmi12.pfb><C:/Users/sandr/AppData/Local/Programs/MiKTeX 2.9/fo
nts/type1/public/amsfonts/cm/cmr12.pfb><C:/Users/sandr/AppData/Local/Programs/M
iKTeX 2.9/fonts/type1/public/amsfonts/cm/cmr8.pfb><C:/Users/sandr/AppData/Local
/Programs/MiKTeX 2.9/fonts/type1/public/amsfonts/cm/cmsy10.pfb><C:/Users/sandr/
AppData/Local/Programs/MiKTeX 2.9/fonts/type1/urw/helvetic/uhvr8a.pfb><C:/Users
/sandr/AppData/Local/Programs/MiKTeX 2.9/fonts/type1/urw/times/utmb8a.pfb><C:/U
sers/sandr/AppData/Local/Programs/MiKTeX 2.9/fonts/type1/urw/times/utmbi8a.pfb>
<C:/Users/sandr/AppData/Local/Programs/MiKTeX 2.9/fonts/type1/urw/times/utmr8a.
pfb><C:/Users/sandr/AppData/Local/Programs/MiKTeX 2.9/fonts/type1/urw/times/utm
r8a.pfb><C:/Users/sandr/AppData/Local/Programs/MiKTeX 2.9/fonts/type1/urw/times
/utmri8a.pfb>
Output written on prac8_Localizacion_SandraYSergio.pdf (16 pages, 434540 bytes)
.
PDF statistics:
 150 PDF objects out of 1000 (max. 8388607)
 0 named destinations out of 1000 (max. 500000)
 126 words of extra memory for PDF output out of 10000 (max. 10000000)

